<?xml version="1.0" encoding="UTF-8"?>
<testng-results skipped="0" failed="0" total="1" passed="1">
  <reporter-output>
  </reporter-output>
  <suite name="Default suite" duration-ms="8896" started-at="2016-06-30T07:08:57Z" finished-at="2016-06-30T07:09:06Z">
    <groups>
    </groups>
    <test name="Default test" duration-ms="8896" started-at="2016-06-30T07:08:57Z" finished-at="2016-06-30T07:09:06Z">
      <class name="Sample.ExampleProgram">
        <test-method status="PASS" signature="AutoIt()[pri:0, instance:Sample.ExampleProgram@2c9f9fb0]" name="AutoIt" duration-ms="8883" started-at="2016-06-30T12:38:57Z" finished-at="2016-06-30T12:39:06Z">
          <reporter-output>
          </reporter-output>
        </test-method> <!-- AutoIt -->
      </class> <!-- Sample.ExampleProgram -->
    </test> <!-- Default test -->
  </suite> <!-- Default suite -->
</testng-results>
